TN:
SF:/Users/patryk/Desktop/GameNight/src/components/Header/Header.js
FN:,(anonymous_0)
FN:,(anonymous_1)
FN:,(anonymous_2)
FN:,(anonymous_3)
FN:,(anonymous_4)
FN:,(anonymous_5)
FN:,(anonymous_6)
FN:,(anonymous_7)
FN:,(anonymous_8)
FN:,makeid
FN:,(anonymous_10)
FN:,(anonymous_11)
FN:,(anonymous_12)
FN:,(anonymous_13)
FN:,(anonymous_14)
FNF:15
FNH:0
FNDA:0,(anonymous_0)
FNDA:0,(anonymous_1)
FNDA:0,(anonymous_2)
FNDA:0,(anonymous_3)
FNDA:0,(anonymous_4)
FNDA:0,(anonymous_5)
FNDA:0,(anonymous_6)
FNDA:0,(anonymous_7)
FNDA:0,(anonymous_8)
FNDA:0,makeid
FNDA:0,(anonymous_10)
FNDA:0,(anonymous_11)
FNDA:0,(anonymous_12)
FNDA:0,(anonymous_13)
FNDA:0,(anonymous_14)
DA:16,0
DA:17,0
DA:20,0
DA:21,0
DA:22,0
DA:26,0
DA:27,0
DA:29,0
DA:30,0
DA:31,0
DA:36,0
DA:37,0
DA:41,0
DA:45,0
DA:49,0
DA:79,0
DA:80,0
DA:116,0
DA:148,0
DA:149,0
DA:150,0
DA:151,0
DA:154,1
DA:155,0
DA:158,1
DA:159,0
DA:161,0
DA:162,0
DA:163,0
DA:167,0
DA:168,0
LF:31
LH:2
BRDA:,0,0,0
BRDA:,0,1,0
BRF:2
BRH:0
end_of_record
TN:
SF:/Users/patryk/Desktop/GameNight/src/components/Login/Login.jsx
FN:,(anonymous_0)
FN:,(anonymous_1)
FN:,(anonymous_2)
FN:,(anonymous_3)
FN:,(anonymous_4)
FN:,(anonymous_5)
FN:,(anonymous_6)
FNF:7
FNH:0
FNDA:0,(anonymous_0)
FNDA:0,(anonymous_1)
FNDA:0,(anonymous_2)
FNDA:0,(anonymous_3)
FNDA:0,(anonymous_4)
FNDA:0,(anonymous_5)
FNDA:0,(anonymous_6)
DA:11,0
DA:12,0
DA:17,0
DA:18,0
DA:22,0
DA:23,0
DA:24,0
DA:28,0
DA:32,0
DA:45,1
DA:46,0
DA:48,0
DA:49,0
LF:13
LH:1
BRF:0
BRH:0
end_of_record
TN:
SF:/Users/patryk/Desktop/GameNight/src/store/user.js
FN:,setUser
FN:,usersReducer
FNF:2
FNH:1
FNDA:0,setUser
FNDA:4,usersReducer
DA:4,1
DA:11,0
DA:12,0
DA:25,1
DA:27,4
DA:28,4
DA:30,0
DA:31,0
DA:34,4
LF:9
LH:5
BRDA:,0,0,3
BRDA:,1,0,0
BRF:2
BRH:1
end_of_record
TN:
SF:/Users/patryk/Desktop/GameNight/src/store/match.js
FN:,(anonymous_0)
FN:,(anonymous_1)
FN:,(anonymous_2)
FN:,(anonymous_3)
FN:,matchesReducer
FNF:5
FNH:1
FNDA:0,(anonymous_0)
FNDA:0,(anonymous_1)
FNDA:0,(anonymous_2)
FNDA:0,(anonymous_3)
FNDA:4,matchesReducer
DA:3,1
DA:5,1
DA:6,0
DA:12,1
DA:13,0
DA:14,0
DA:18,0
DA:22,1
DA:24,4
DA:25,4
DA:27,0
DA:28,0
DA:31,4
LF:13
LH:7
BRDA:,0,0,0
BRDA:,0,1,0
BRDA:,1,0,3
BRDA:,2,0,0
BRF:4
BRH:1
end_of_record
TN:
SF:/Users/patryk/Desktop/GameNight/src/store/gamelobby.js
FN:,setRoomId
FN:,gameLobbyReducer
FNF:2
FNH:1
FNDA:0,setRoomId
FNDA:4,gameLobbyReducer
DA:4,1
DA:11,0
DA:24,1
DA:27,4
DA:29,4
DA:31,0
DA:32,0
DA:35,4
LF:8
LH:5
BRDA:,0,0,3
BRDA:,1,0,0
BRF:2
BRH:1
end_of_record
TN:
SF:/Users/patryk/Desktop/GameNight/src/layouts/CoreLayout/CoreLayout.js
FN:,(anonymous_0)
FNF:1
FNH:1
FNDA:1,(anonymous_0)
DA:5,1
DA:6,1
DA:16,1
LF:3
LH:3
BRF:0
BRH:0
end_of_record
TN:
SF:/Users/patryk/Desktop/GameNight/src/components/Header/index.js
FNF:0
FNH:0
LF:0
LH:0
BRF:0
BRH:0
end_of_record
TN:
SF:/Users/patryk/Desktop/GameNight/src/routes/Counter/components/Counter.js
FN:,(anonymous_0)
FNF:1
FNH:1
FNDA:9,(anonymous_0)
DA:3,1
DA:4,9
LF:2
LH:2
BRF:0
BRH:0
end_of_record
TN:
SF:/Users/patryk/Desktop/GameNight/src/routes/Counter/index.js
FN:,(anonymous_0)
FN:,(anonymous_1)
FNF:2
FNH:1
FNDA:2,(anonymous_0)
FNDA:0,(anonymous_1)
DA:3,2
DA:9,0
DA:12,0
DA:13,0
DA:16,0
DA:19,0
LF:6
LH:1
BRF:0
BRH:0
end_of_record
TN:
SF:/Users/patryk/Desktop/GameNight/src/store/reducers.js
FN:,(anonymous_0)
FN:,(anonymous_1)
FNF:2
FNH:1
FNDA:1,(anonymous_0)
FNDA:0,(anonymous_1)
DA:10,1
DA:11,1
DA:23,1
DA:24,0
DA:26,0
DA:27,0
LF:6
LH:3
BRDA:,0,0,0
BRDA:,0,1,0
BRF:2
BRH:0
end_of_record
TN:
SF:/Users/patryk/Desktop/GameNight/src/store/location.js
FN:,locationChange
FN:,(anonymous_1)
FN:,(anonymous_2)
FN:,locationReducer
FNF:4
FNH:4
FNDA:4,locationChange
FNDA:3,(anonymous_1)
FNDA:1,(anonymous_2)
FNDA:10,locationReducer
DA:4,1
DA:10,4
DA:19,1
DA:20,3
DA:26,1
DA:28,10
DA:30,10
DA:32,2
DA:33,2
DA:35,10
LF:10
LH:10
BRDA:,0,0,2
BRDA:,1,0,8
BRDA:,2,0,2
BRF:3
BRH:3
end_of_record
TN:
SF:/Users/patryk/Desktop/GameNight/src/store/client.js
FN:,setClients
FN:,(anonymous_1)
FN:,(anonymous_2)
FN:,(anonymous_3)
FN:,clientsReducer
FNF:5
FNH:1
FNDA:0,setClients
FNDA:0,(anonymous_1)
FNDA:0,(anonymous_2)
FNDA:0,(anonymous_3)
FNDA:4,clientsReducer
DA:5,1
DA:12,0
DA:21,1
DA:22,0
DA:23,0
DA:24,0
DA:30,1
DA:32,4
DA:33,4
DA:35,0
DA:36,0
DA:39,4
LF:12
LH:6
BRDA:,0,0,3
BRDA:,1,0,0
BRF:2
BRH:1
end_of_record
TN:
SF:/Users/patryk/Desktop/GameNight/src/store/profile.js
FN:,setProfileUser
FN:,setProfileMatches
FN:,(anonymous_2)
FN:,(anonymous_3)
FN:,(anonymous_4)
FN:,(anonymous_5)
FN:,(anonymous_6)
FN:,(anonymous_7)
FN:,(anonymous_8)
FN:,profilesReducer
FNF:10
FNH:1
FNDA:0,setProfileUser
FNDA:0,setProfileMatches
FNDA:0,(anonymous_2)
FNDA:0,(anonymous_3)
FNDA:0,(anonymous_4)
FNDA:0,(anonymous_5)
FNDA:0,(anonymous_6)
FNDA:0,(anonymous_7)
FNDA:0,(anonymous_8)
FNDA:4,profilesReducer
DA:3,1
DA:4,1
DA:7,0
DA:14,0
DA:20,1
DA:21,0
DA:24,0
DA:25,0
DA:27,0
DA:28,0
DA:30,0
DA:32,0
DA:33,0
DA:39,1
DA:42,4
DA:44,4
DA:46,0
DA:47,0
DA:49,0
DA:50,0
DA:53,4
LF:21
LH:7
BRDA:,0,0,3
BRDA:,1,0,0
BRDA:,1,1,0
BRF:3
BRH:1
end_of_record
TN:
SF:/Users/patryk/Desktop/GameNight/src/store/matchresult.js
FN:,(anonymous_0)
FN:,(anonymous_1)
FN:,matchResultsReducer
FNF:3
FNH:1
FNDA:0,(anonymous_0)
FNDA:0,(anonymous_1)
FNDA:4,matchResultsReducer
DA:2,1
DA:3,1
DA:5,1
DA:6,0
DA:12,1
DA:13,0
DA:19,1
DA:21,4
DA:22,4
DA:24,0
DA:25,0
DA:27,0
DA:28,0
DA:31,4
LF:14
LH:8
BRDA:,0,0,3
BRDA:,1,0,0
BRDA:,1,1,0
BRF:3
BRH:1
end_of_record
TN:
SF:/Users/patryk/Desktop/GameNight/src/routes/Counter/modules/counter.js
FN:,increment
FN:,(anonymous_1)
FN:,(anonymous_2)
FN:,(anonymous_3)
FN:,(anonymous_4)
FN:,(anonymous_5)
FN:,(anonymous_6)
FN:,counterReducer
FNF:8
FNH:8
FNDA:7,increment
FNDA:5,(anonymous_1)
FNDA:4,(anonymous_2)
FNDA:4,(anonymous_3)
FNDA:4,(anonymous_4)
FNDA:4,(anonymous_5)
FNDA:4,(anonymous_6)
FNDA:18,counterReducer
DA:4,1
DA:5,1
DA:11,7
DA:21,1
DA:22,5
DA:23,4
DA:24,4
DA:25,4
DA:29,4
DA:35,1
DA:43,1
DA:44,4
DA:45,4
DA:51,1
DA:53,18
DA:55,18
LF:16
LH:16
BRDA:,0,0,2
BRDA:,1,0,8
BRDA:,2,0,8
BRDA:,2,1,10
BRF:4
BRH:4
end_of_record
TN:
SF:/Users/patryk/Desktop/GameNight/src/routes/Home/components/HomeView.js
FN:,(anonymous_0)
FN:,(anonymous_1)
FN:,(anonymous_2)
FN:,(anonymous_3)
FNF:4
FNH:0
FNDA:0,(anonymous_0)
FNDA:0,(anonymous_1)
FNDA:0,(anonymous_2)
FNDA:0,(anonymous_3)
DA:14,0
DA:15,0
DA:22,0
DA:23,0
DA:27,0
LF:5
LH:0
BRF:0
BRH:0
end_of_record
TN:
SF:/Users/patryk/Desktop/GameNight/src/routes/Home/components/MatchHistory.js
FN:,(anonymous_0)
FN:,(anonymous_1)
FN:,(anonymous_2)
FNF:3
FNH:0
FNDA:0,(anonymous_0)
FNDA:0,(anonymous_1)
FNDA:0,(anonymous_2)
DA:7,1
DA:8,0
DA:9,0
DA:10,0
DA:19,0
DA:44,1
LF:6
LH:2
BRDA:,0,0,0
BRDA:,0,1,0
BRF:2
BRH:0
end_of_record
TN:
SF:/Users/patryk/Desktop/GameNight/src/routes/Home/components/Achievements/index.js
FNF:0
FNH:0
LF:0
LH:0
BRF:0
BRH:0
end_of_record
TN:
SF:/Users/patryk/Desktop/GameNight/src/routes/Home/components/Achievements/Achievements.js
FN:,(anonymous_0)
FNF:1
FNH:0
FNDA:0,(anonymous_0)
DA:5,1
DA:6,0
LF:2
LH:1
BRF:0
BRH:0
end_of_record
TN:
SF:/Users/patryk/Desktop/GameNight/src/routes/Home/components/Leaderboard/index.js
FNF:0
FNH:0
LF:0
LH:0
BRF:0
BRH:0
end_of_record
TN:
SF:/Users/patryk/Desktop/GameNight/src/routes/Home/components/Leaderboard/Leaderboard.js
FN:,(anonymous_0)
FN:,(anonymous_1)
FNF:2
FNH:0
FNDA:0,(anonymous_0)
FNDA:0,(anonymous_1)
DA:5,1
DA:6,0
DA:8,0
DA:10,0
DA:11,0
DA:21,0
LF:6
LH:1
BRDA:,0,0,0
BRDA:,0,1,0
BRDA:,1,0,0
BRDA:,1,1,0
BRF:4
BRH:0
end_of_record
TN:
SF:/Users/patryk/Desktop/GameNight/src/routes/MainLobbyList/containers/MainLobbyContainer.jsx
FN:,(anonymous_0)
FN:,(anonymous_1)
FNF:2
FNH:0
FNDA:0,(anonymous_0)
FNDA:0,(anonymous_1)
DA:5,1
DA:6,0
DA:11,1
DA:12,0
LF:4
LH:2
BRF:0
BRH:0
end_of_record
TN:
SF:/Users/patryk/Desktop/GameNight/src/routes/MainLobbyList/components/MainLobby.jsx
FN:,(anonymous_0)
FN:,(anonymous_1)
FN:,(anonymous_2)
FN:,(anonymous_3)
FNF:4
FNH:0
FNDA:0,(anonymous_0)
FNDA:0,(anonymous_1)
FNDA:0,(anonymous_2)
FNDA:0,(anonymous_3)
DA:5,0
DA:9,0
DA:10,0
DA:16,0
LF:4
LH:0
BRDA:,0,0,0
BRDA:,0,1,0
BRF:2
BRH:0
end_of_record
TN:
SF:/Users/patryk/Desktop/GameNight/src/routes/Home/components/homePage/index.js
FNF:0
FNH:0
LF:0
LH:0
BRF:0
BRH:0
end_of_record
TN:
SF:/Users/patryk/Desktop/GameNight/src/routes/Home/components/homePage/homePage.js
FN:,(anonymous_0)
FNF:1
FNH:0
FNDA:0,(anonymous_0)
DA:5,1
DA:6,0
LF:2
LH:1
BRF:0
BRH:0
end_of_record
TN:
SF:/Users/patryk/Desktop/GameNight/src/routes/Home/index.js
FNF:0
FNH:0
LF:0
LH:0
BRF:0
BRH:0
end_of_record
TN:
SF:/Users/patryk/Desktop/GameNight/src/store/createStore.js
FN:,(anonymous_0)
FN:,(anonymous_1)
FNF:2
FNH:1
FNDA:1,(anonymous_0)
FNDA:0,(anonymous_1)
DA:14,1
DA:19,1
DA:21,1
DA:23,1
DA:24,0
DA:25,0
DA:26,0
DA:33,1
DA:41,1
DA:44,1
DA:46,1
DA:47,0
DA:48,0
DA:49,0
DA:53,1
LF:15
LH:9
BRDA:,0,0,1
BRDA:,1,0,0
BRDA:,1,1,1
BRDA:,2,0,0
BRDA:,2,1,0
BRDA:,3,0,0
BRDA:,3,1,1
BRF:7
BRH:3
end_of_record
TN:
SF:/Users/patryk/Desktop/GameNight/src/containers/AppContainer.js
FN:,(anonymous_0)
FN:,(anonymous_1)
FN:,(anonymous_2)
FN:,(anonymous_3)
FNF:4
FNH:0
FNDA:0,(anonymous_0)
FNDA:0,(anonymous_1)
FNDA:0,(anonymous_2)
FNDA:0,(anonymous_3)
DA:13,0
DA:16,0
DA:19,0
DA:21,0
DA:22,0
DA:27,0
LF:6
LH:0
BRF:0
BRH:0
end_of_record
TN:
SF:/Users/patryk/Desktop/GameNight/src/layouts/CoreLayout/index.js
FNF:0
FNH:0
LF:0
LH:0
BRF:0
BRH:0
end_of_record
TN:
SF:/Users/patryk/Desktop/GameNight/src/routes/CodeEditor/index.js
FNF:0
FNH:0
LF:0
LH:0
BRF:0
BRH:0
end_of_record
TN:
SF:/Users/patryk/Desktop/GameNight/src/routes/CodeEditor/components/CodeEditor.js
FN:,(anonymous_0)
FN:,(anonymous_1)
FN:,(anonymous_2)
FN:,(anonymous_3)
FN:,(anonymous_4)
FNF:5
FNH:0
FNDA:0,(anonymous_0)
FNDA:0,(anonymous_1)
FNDA:0,(anonymous_2)
FNDA:0,(anonymous_3)
FNDA:0,(anonymous_4)
DA:6,1
DA:7,1
DA:11,0
DA:12,0
DA:18,0
DA:19,0
DA:23,0
DA:29,0
DA:36,0
DA:37,0
DA:38,0
DA:44,0
DA:52,0
DA:61,0
LF:14
LH:2
BRDA:,0,0,0
BRDA:,0,1,0
BRDA:,1,0,0
BRDA:,1,1,0
BRDA:,1,2,0
BRDA:,1,3,0
BRF:6
BRH:0
end_of_record
TN:
SF:/Users/patryk/Desktop/GameNight/src/routes/BattlePage/containers/BattlePageContainer.jsx
FN:,(anonymous_0)
FN:,(anonymous_1)
FN:,(anonymous_2)
FN:,(anonymous_3)
FN:,(anonymous_4)
FN:,(anonymous_5)
FN:,(anonymous_6)
FN:,(anonymous_7)
FN:,(anonymous_8)
FN:,(anonymous_9)
FN:,(anonymous_10)
FN:,(anonymous_11)
FN:,(anonymous_12)
FN:,(anonymous_13)
FN:,(anonymous_14)
FN:,(anonymous_15)
FN:,(anonymous_16)
FN:,(anonymous_17)
FN:,(anonymous_18)
FN:,(anonymous_19)
FN:,(anonymous_20)
FN:,(anonymous_21)
FNF:22
FNH:0
FNDA:0,(anonymous_0)
FNDA:0,(anonymous_1)
FNDA:0,(anonymous_2)
FNDA:0,(anonymous_3)
FNDA:0,(anonymous_4)
FNDA:0,(anonymous_5)
FNDA:0,(anonymous_6)
FNDA:0,(anonymous_7)
FNDA:0,(anonymous_8)
FNDA:0,(anonymous_9)
FNDA:0,(anonymous_10)
FNDA:0,(anonymous_11)
FNDA:0,(anonymous_12)
FNDA:0,(anonymous_13)
FNDA:0,(anonymous_14)
FNDA:0,(anonymous_15)
FNDA:0,(anonymous_16)
FNDA:0,(anonymous_17)
FNDA:0,(anonymous_18)
FNDA:0,(anonymous_19)
FNDA:0,(anonymous_20)
FNDA:0,(anonymous_21)
DA:15,0
DA:16,0
DA:47,0
DA:51,0
DA:52,0
DA:62,0
DA:64,0
DA:65,0
DA:75,0
DA:84,0
DA:85,0
DA:86,0
DA:87,0
DA:89,0
DA:90,0
DA:91,0
DA:115,0
DA:118,0
DA:119,0
DA:122,0
DA:124,0
DA:125,0
DA:126,0
DA:127,0
DA:147,0
DA:148,0
DA:149,0
DA:152,0
DA:162,0
DA:163,0
DA:166,0
DA:167,0
DA:168,0
DA:169,0
DA:173,0
DA:181,0
DA:182,0
DA:183,0
DA:184,0
DA:202,0
DA:205,0
DA:206,0
DA:208,0
DA:216,0
DA:217,0
DA:218,0
DA:219,0
DA:220,0
DA:241,0
DA:242,0
DA:243,0
DA:246,0
DA:254,0
DA:255,0
DA:258,0
DA:259,0
DA:260,0
DA:261,0
DA:265,0
DA:273,0
DA:274,0
DA:275,0
DA:293,0
DA:296,0
DA:297,0
DA:299,0
DA:308,0
DA:309,0
DA:313,0
DA:314,0
DA:317,0
DA:318,0
DA:319,0
DA:320,0
DA:323,0
DA:324,0
DA:331,0
DA:359,1
DA:360,0
DA:366,1
DA:368,0
DA:369,0
DA:372,0
DA:373,0
LF:84
LH:2
BRDA:,0,0,0
BRDA:,0,1,0
BRDA:,1,0,0
BRDA:,1,1,0
BRDA:,2,0,0
BRDA:,2,1,0
BRDA:,3,0,0
BRDA:,3,1,0
BRDA:,4,0,0
BRDA:,4,1,0
BRDA:,5,0,0
BRDA:,5,1,0
BRDA:,6,0,0
BRDA:,6,1,0
BRDA:,7,0,0
BRDA:,7,1,0
BRDA:,8,0,0
BRDA:,8,1,0
BRDA:,9,0,0
BRDA:,9,1,0
BRDA:,10,0,0
BRDA:,10,1,0
BRDA:,11,0,0
BRDA:,11,1,0
BRDA:,12,0,0
BRDA:,12,1,0
BRDA:,13,0,0
BRDA:,13,1,0
BRDA:,14,0,0
BRDA:,14,1,0
BRDA:,15,0,0
BRDA:,15,1,0
BRDA:,16,0,0
BRDA:,16,1,0
BRDA:,17,0,0
BRDA:,17,1,0
BRF:36
BRH:0
end_of_record
TN:
SF:/Users/patryk/Desktop/GameNight/src/routes/BattlePage/components/Problem.jsx
FN:,(anonymous_0)
FN:,(anonymous_1)
FNF:2
FNH:0
FNDA:0,(anonymous_0)
FNDA:0,(anonymous_1)
DA:6,1
DA:9,0
DA:12,0
DA:14,0
DA:16,0
DA:17,0
DA:20,0
LF:7
LH:1
BRDA:,0,0,0
BRDA:,0,1,0
BRDA:,1,0,0
BRDA:,1,1,0
BRDA:,2,0,0
BRDA:,2,1,0
BRF:6
BRH:0
end_of_record
TN:
SF:/Users/patryk/Desktop/GameNight/src/routes/BattlePage/components/ProgressBar.js
FN:,(anonymous_0)
FNF:1
FNH:0
FNDA:0,(anonymous_0)
DA:4,1
DA:5,0
DA:6,0
DA:7,0
DA:8,0
LF:5
LH:1
BRF:0
BRH:0
end_of_record
TN:
SF:/Users/patryk/Desktop/GameNight/src/routes/BattlePage/components/Modal.js
FN:,(anonymous_0)
FN:,(anonymous_1)
FNF:2
FNH:0
FNDA:0,(anonymous_0)
FNDA:0,(anonymous_1)
DA:6,1
DA:23,0
DA:25,0
DA:31,0
LF:4
LH:1
BRF:0
BRH:0
end_of_record
TN:
SF:/Users/patryk/Desktop/GameNight/src/routes/About/About.js
FN:,(anonymous_0)
FNF:1
FNH:0
FNDA:0,(anonymous_0)
DA:4,1
DA:5,0
LF:2
LH:1
BRF:0
BRH:0
end_of_record
TN:
SF:/Users/patryk/Desktop/GameNight/src/routes/BattlePage/components/CountdownClock.js
FN:,(anonymous_0)
FNF:1
FNH:0
FNDA:0,(anonymous_0)
DA:4,1
DA:5,0
LF:2
LH:1
BRF:0
BRH:0
end_of_record
TN:
SF:/Users/patryk/Desktop/GameNight/src/routes/BattlePage/index.js
FNF:0
FNH:0
LF:0
LH:0
BRF:0
BRH:0
end_of_record
TN:
SF:/Users/patryk/Desktop/GameNight/src/routes/CodeEditor/container/CodeEditorContainer.js
FN:,(anonymous_0)
FNF:1
FNH:0
FNDA:0,(anonymous_0)
DA:5,1
LF:1
LH:1
BRF:0
BRH:0
end_of_record
TN:
SF:/Users/patryk/Desktop/GameNight/src/routes/Counter/containers/CounterContainer.js
FN:,(anonymous_0)
FN:,(anonymous_1)
FNF:2
FNH:0
FNDA:0,(anonymous_0)
FNDA:0,(anonymous_1)
DA:7,1
DA:8,0
DA:12,1
LF:3
LH:2
BRF:0
BRH:0
end_of_record
TN:
SF:/Users/patryk/Desktop/GameNight/src/routes/GameFinishedPage/components/GameFinishedPage.js
FN:,(anonymous_0)
FNF:1
FNH:0
FNDA:0,(anonymous_0)
DA:4,1
DA:5,0
LF:2
LH:1
BRF:0
BRH:0
end_of_record
TN:
SF:/Users/patryk/Desktop/GameNight/src/routes/GameLobby/containers/GameLobbyContainer.js
FN:,(anonymous_0)
FN:,(anonymous_1)
FNF:2
FNH:0
FNDA:0,(anonymous_0)
FNDA:0,(anonymous_1)
DA:4,1
DA:5,0
DA:11,1
DA:12,0
LF:4
LH:2
BRF:0
BRH:0
end_of_record
TN:
SF:/Users/patryk/Desktop/GameNight/src/routes/GameLobby/components/GameLobby.jsx
FN:,(anonymous_0)
FN:,(anonymous_1)
FN:,(anonymous_2)
FN:,(anonymous_3)
FN:,(anonymous_4)
FN:,(anonymous_5)
FNF:6
FNH:0
FNDA:0,(anonymous_0)
FNDA:0,(anonymous_1)
FNDA:0,(anonymous_2)
FNDA:0,(anonymous_3)
FNDA:0,(anonymous_4)
FNDA:0,(anonymous_5)
DA:9,0
DA:10,0
DA:16,0
DA:17,0
DA:18,0
DA:23,0
DA:24,0
DA:35,0
DA:40,0
LF:9
LH:0
BRDA:,0,0,0
BRDA:,0,1,0
BRDA:,1,0,0
BRDA:,1,1,0
BRF:4
BRH:0
end_of_record
TN:
SF:/Users/patryk/Desktop/GameNight/src/routes/GameWonPage/components/GameWonPage.js
FN:,(anonymous_0)
FNF:1
FNH:0
FNDA:0,(anonymous_0)
DA:4,1
DA:5,0
LF:2
LH:1
BRF:0
BRH:0
end_of_record
TN:
SF:/Users/patryk/Desktop/GameNight/src/routes/index.js
FN:,onJoinEnter
FN:,onPageEnter
FN:,(anonymous_2)
FN:,onGameLobbyEnter
FN:,(anonymous_4)
FN:,onProfileEnter
FN:,(anonymous_6)
FN:,(anonymous_7)
FN:,(anonymous_8)
FN:,(anonymous_9)
FNF:10
FNH:0
FNDA:0,onJoinEnter
FNDA:0,onPageEnter
FNDA:0,(anonymous_2)
FNDA:0,onGameLobbyEnter
FNDA:0,(anonymous_4)
FNDA:0,onProfileEnter
FNDA:0,(anonymous_6)
FNDA:0,(anonymous_7)
FNDA:0,(anonymous_8)
FNDA:0,(anonymous_9)
DA:28,0
DA:29,0
DA:30,0
DA:34,0
DA:35,0
DA:37,0
DA:38,0
DA:39,0
DA:44,0
DA:45,0
DA:46,0
DA:48,0
DA:49,0
DA:50,0
DA:51,0
DA:57,0
DA:58,0
DA:61,1
DA:62,0
DA:65,0
DA:66,0
LF:21
LH:1
BRDA:,0,0,0
BRDA:,0,1,0
BRF:2
BRH:0
end_of_record
TN:
SF:/Users/patryk/Desktop/GameNight/src/routes/InvitePage/components/InvitePage.jsx
FN:,(anonymous_0)
FN:,(anonymous_1)
FN:,(anonymous_2)
FN:,(anonymous_3)
FN:,(anonymous_4)
FN:,(anonymous_5)
FN:,(anonymous_6)
FN:,makeid
FNF:8
FNH:0
FNDA:0,(anonymous_0)
FNDA:0,(anonymous_1)
FNDA:0,(anonymous_2)
FNDA:0,(anonymous_3)
FNDA:0,(anonymous_4)
FNDA:0,(anonymous_5)
FNDA:0,(anonymous_6)
FNDA:0,makeid
DA:10,0
DA:11,0
DA:14,0
DA:15,0
DA:24,0
DA:30,0
DA:31,0
DA:32,0
DA:37,0
DA:38,0
DA:39,0
DA:42,0
DA:43,0
DA:45,0
DA:46,0
DA:47,0
DA:60,0
DA:61,0
DA:62,0
DA:63,0
DA:65,0
DA:68,0
DA:69,0
DA:70,0
LF:24
LH:0
BRDA:,0,0,0
BRDA:,0,1,0
BRF:2
BRH:0
end_of_record
TN:
SF:/Users/patryk/Desktop/GameNight/src/routes/Signup/components/Signup.jsx
FN:,(anonymous_0)
FN:,(anonymous_1)
FN:,(anonymous_2)
FN:,(anonymous_3)
FN:,(anonymous_4)
FN:,(anonymous_5)
FN:,(anonymous_6)
FNF:7
FNH:0
FNDA:0,(anonymous_0)
FNDA:0,(anonymous_1)
FNDA:0,(anonymous_2)
FNDA:0,(anonymous_3)
FNDA:0,(anonymous_4)
FNDA:0,(anonymous_5)
FNDA:0,(anonymous_6)
DA:11,0
DA:13,0
DA:23,0
DA:24,0
DA:28,0
DA:29,0
DA:32,0
DA:34,0
DA:35,0
DA:38,0
DA:40,0
DA:42,0
DA:43,0
DA:50,0
DA:54,0
DA:73,1
DA:74,0
DA:76,0
LF:18
LH:1
BRDA:,0,0,0
BRDA:,0,1,0
BRDA:,1,0,0
BRDA:,1,1,0
BRDA:,1,2,0
BRDA:,1,3,0
BRDA:,1,4,0
BRDA:,2,0,0
BRDA:,2,1,0
BRDA:,3,0,0
BRDA:,3,1,0
BRDA:,4,0,0
BRDA:,4,1,0
BRF:13
BRH:0
end_of_record
TN:
SF:/Users/patryk/Desktop/GameNight/src/routes/Profile/components/Profile.jsx
FN:,(anonymous_0)
FN:,(anonymous_1)
FN:,(anonymous_2)
FNF:3
FNH:0
FNDA:0,(anonymous_0)
FNDA:0,(anonymous_1)
FNDA:0,(anonymous_2)
DA:9,0
DA:13,0
DA:14,0
DA:41,1
DA:42,0
LF:5
LH:1
BRDA:,0,0,0
BRDA:,0,1,0
BRF:2
BRH:0
end_of_record
TN:
SF:/Users/patryk/Desktop/GameNight/src/routes/ReportABug/components/ReportABug.jsx
FN:,(anonymous_0)
FN:,(anonymous_1)
FN:,(anonymous_2)
FN:,(anonymous_3)
FNF:4
FNH:0
FNDA:0,(anonymous_0)
FNDA:0,(anonymous_1)
FNDA:0,(anonymous_2)
FNDA:0,(anonymous_3)
DA:10,0
DA:12,0
DA:21,0
DA:22,0
DA:26,0
DA:27,0
DA:29,0
DA:32,0
DA:40,0
DA:44,0
LF:10
LH:0
BRDA:,0,0,0
BRDA:,0,1,0
BRDA:,1,0,0
BRDA:,1,1,0
BRDA:,1,2,0
BRDA:,2,0,0
BRDA:,2,1,0
BRDA:,3,0,0
BRDA:,3,1,0
BRF:9
BRH:0
end_of_record
TN:
SF:/Users/patryk/Desktop/GameNight/src/store/CodeEditorStore.js
FN:,updateCode
FN:,getResults
FN:,handleSubmit
FN:,(anonymous_3)
FNF:4
FNH:0
FNDA:0,updateCode
FNDA:0,getResults
FNDA:0,handleSubmit
FNDA:0,(anonymous_3)
DA:4,1
DA:5,1
DA:6,1
DA:9,0
DA:16,0
DA:23,0
DA:24,0
DA:26,0
DA:27,0
DA:28,0
DA:33,1
LF:11
LH:4
BRF:0
BRH:0
end_of_record
